2024-11-05 23:51:56,871 [INFO] Activator:176 - 


2024-11-05 23:51:56,873 [INFO] Activator:177 - !SESSION log4j initialized
2024-11-05 23:51:59,086 [INFO] LogOutputStream:77 - [STDOUT_REDIRECT] 
2024-11-05 23:52:01,268 [INFO] ApplicationProperties:184 - Using Application install path: C:\ST\STM32CubeIDE_1.16.1\STM32CubeIDE\plugins\com.st.stm32cube.common.mx_6.12.1.202409122256
2024-11-05 23:52:01,289 [INFO] DbMcusXml:78 - Set database path to: C:\ST\STM32CubeIDE_1.16.1\STM32CubeIDE\plugins\com.st.stm32cube.common.mx_6.12.1.202409122256\\db\/mcu/
2024-11-05 23:52:01,290 [INFO] ApiDb:274 - Set plugin database path to: C:\ST\STM32CubeIDE_1.16.1\STM32CubeIDE\plugins\com.st.stm32cube.common.mx_6.12.1.202409122256\\db\/plugins/boardmanager/
2024-11-05 23:52:01,291 [WARN] ApiDb:259 - Overriding images path with different value:  => C:\ST\STM32CubeIDE_1.16.1\STM32CubeIDE\plugins\com.st.stm32cube.common.mx_6.12.1.202409122256\\db\/plugins/mcufinder/images/
2024-11-05 23:52:01,300 [INFO] ApiDb:250 - Set database path to: C:\Users\saadi\.stmcufinder\plugins\mcufinder//mcu/
2024-11-05 23:52:01,301 [INFO] DbMcusAds:125 - Set database path to: C:\Users\saadi\.stmcufinder\plugins\mcufinder//mcu/
2024-11-05 23:52:01,303 [INFO] CrossReferenceDbSqlite:203 - Set database path to: C:\Users\saadi\.stmcufinder\plugins\mcufinder//mcu/cs/
2024-11-05 23:52:01,432 [INFO] RulesReader:64 - Compatibility file has been processed (297 Rules)
2024-11-05 23:52:01,507 [INFO] DbMcusXml:78 - Set database path to: C:\ST\STM32CubeIDE_1.16.1\STM32CubeIDE\plugins\com.st.stm32cube.common.mx_6.12.1.202409122256\\db\/mcu/
2024-11-05 23:52:01,507 [INFO] ApiDb:274 - Set plugin database path to: C:\ST\STM32CubeIDE_1.16.1\STM32CubeIDE\plugins\com.st.stm32cube.common.mx_6.12.1.202409122256\\db\/plugins/boardmanager/
2024-11-05 23:52:01,507 [INFO] ApiDb:261 - Set plugin images path to: C:\ST\STM32CubeIDE_1.16.1\STM32CubeIDE\plugins\com.st.stm32cube.common.mx_6.12.1.202409122256\\db\/plugins/mcufinder/images/
2024-11-05 23:52:01,507 [WARN] DbFile:41 - Overriding database path with different value: C:\Users\saadi\.stmcufinder\plugins\mcufinder/ => C:\Users\saadi\.stmcufinder\plugins\mcufinder
2024-11-05 23:52:01,507 [INFO] ApiDb:250 - Set database path to: C:\Users\saadi\.stmcufinder\plugins\mcufinder//mcu/
2024-11-05 23:52:01,507 [WARN] DbFile:41 - Overriding database path with different value: C:\Users\saadi\.stmcufinder\plugins\mcufinder/ => C:\Users\saadi\.stmcufinder\plugins\mcufinder
2024-11-05 23:52:01,507 [INFO] DbMcusAds:125 - Set database path to: C:\Users\saadi\.stmcufinder\plugins\mcufinder//mcu/
2024-11-05 23:52:01,507 [WARN] DbFile:41 - Overriding database path with different value: C:\Users\saadi\.stmcufinder\plugins\mcufinder/ => C:\Users\saadi\.stmcufinder\plugins\mcufinder
2024-11-05 23:52:01,507 [WARN] DbFile:41 - Overriding database path with different value: C:\Users\saadi\.stmcufinder\plugins\mcufinder/ => C:\Users\saadi\.stmcufinder\plugins\mcufinder
2024-11-05 23:52:01,508 [INFO] CrossReferenceDbSqlite:203 - Set database path to: C:\Users\saadi\.stmcufinder\plugins\mcufinder//mcu/cs/
2024-11-05 23:52:01,584 [INFO] MainPanel:268 - HeapMemory: 268435456
2024-11-05 23:52:01,652 [INFO] DbMcusXml:78 - Set database path to: C:\ST\STM32CubeIDE_1.16.1\STM32CubeIDE\plugins\com.st.stm32cube.common.mx_6.12.1.202409122256\\db\/mcu/
2024-11-05 23:52:01,652 [INFO] ApiDb:274 - Set plugin database path to: C:\ST\STM32CubeIDE_1.16.1\STM32CubeIDE\plugins\com.st.stm32cube.common.mx_6.12.1.202409122256\\db\/plugins/boardmanager/
2024-11-05 23:52:01,652 [INFO] ApiDb:261 - Set plugin images path to: C:\ST\STM32CubeIDE_1.16.1\STM32CubeIDE\plugins\com.st.stm32cube.common.mx_6.12.1.202409122256\\db\/plugins/mcufinder/images/
2024-11-05 23:52:01,652 [WARN] DbFile:41 - Overriding database path with different value: C:\Users\saadi\.stmcufinder\plugins\mcufinder/ => C:\Users\saadi\.stmcufinder\plugins\mcufinder
2024-11-05 23:52:01,652 [INFO] ApiDb:250 - Set database path to: C:\Users\saadi\.stmcufinder\plugins\mcufinder//mcu/
2024-11-05 23:52:01,652 [WARN] DbFile:41 - Overriding database path with different value: C:\Users\saadi\.stmcufinder\plugins\mcufinder/ => C:\Users\saadi\.stmcufinder\plugins\mcufinder
2024-11-05 23:52:01,653 [INFO] DbMcusAds:125 - Set database path to: C:\Users\saadi\.stmcufinder\plugins\mcufinder//mcu/
2024-11-05 23:52:01,653 [WARN] DbFile:41 - Overriding database path with different value: C:\Users\saadi\.stmcufinder\plugins\mcufinder/ => C:\Users\saadi\.stmcufinder\plugins\mcufinder
2024-11-05 23:52:01,653 [WARN] DbFile:41 - Overriding database path with different value: C:\Users\saadi\.stmcufinder\plugins\mcufinder/ => C:\Users\saadi\.stmcufinder\plugins\mcufinder
2024-11-05 23:52:01,653 [INFO] CrossReferenceDbSqlite:203 - Set database path to: C:\Users\saadi\.stmcufinder\plugins\mcufinder//mcu/cs/
2024-11-05 23:52:01,671 [INFO] ApplicationProperties:184 - Using Application install path: C:\ST\STM32CubeIDE_1.16.1\STM32CubeIDE\plugins\com.st.stm32cube.common.mx_6.12.1.202409122256
2024-11-05 23:52:01,673 [INFO] PluginManage:196 - Search for loadable plugins [exclusion list=, ]
2024-11-05 23:52:01,674 [INFO] PluginManage:310 - Check plugin analytics
2024-11-05 23:52:01,871 [INFO] AnalyticsPlugin:253 - Accepted Software Licenses: 
2024-11-05 23:52:01,872 [INFO] AnalyticsPlugin:255 - Accepted CMSIS Pack Licenses: 
2024-11-05 23:52:01,872 [INFO] AnalyticsPlugin:257 - Accepted Firmware Licenses: 
2024-11-05 23:52:01,874 [INFO] PluginManage:359 - Loaded plugin analytics (category:tool,tabindex:-1)
2024-11-05 23:52:01,875 [INFO] PluginManage:310 - Check plugin cadmodel
2024-11-05 23:52:01,880 [INFO] CADModel:105 - Init CAD model plugin
2024-11-05 23:52:01,880 [INFO] PluginManage:359 - Loaded plugin cadmodel (category:power,tabindex:5)
2024-11-05 23:52:01,880 [INFO] PluginManage:310 - Check plugin clock
2024-11-05 23:52:01,892 [INFO] PluginManage:359 - Loaded plugin clock (category:base,tabindex:2)
2024-11-05 23:52:01,892 [INFO] PluginManage:310 - Check plugin ddr
2024-11-05 23:52:01,896 [INFO] PluginManage:359 - Loaded plugin ddr (category:tool,tabindex:6)
2024-11-05 23:52:01,896 [INFO] PluginManage:310 - Check plugin filemanager
2024-11-05 23:52:02,055 [INFO] PluginManage:359 - Loaded plugin filemanager (category:base,tabindex:10)
2024-11-05 23:52:02,055 [INFO] PluginManage:310 - Check plugin ipmanager
2024-11-05 23:52:02,063 [INFO] PluginManage:359 - Loaded plugin ipmanager (category:base,tabindex:5)
2024-11-05 23:52:02,063 [INFO] PluginManage:310 - Check plugin lpbam
2024-11-05 23:52:02,073 [INFO] PluginManage:359 - Loaded plugin lpbam (category:base,tabindex:0)
2024-11-05 23:52:02,073 [INFO] PluginManage:310 - Check plugin memorymap
2024-11-05 23:52:02,089 [INFO] PluginManage:359 - Loaded plugin memorymap (category:base,tabindex:4)
2024-11-05 23:52:02,089 [INFO] PluginManage:310 - Check plugin pinoutandconfiguration
2024-11-05 23:52:02,098 [INFO] PluginManage:359 - Loaded plugin pinoutandconfiguration (category:base,tabindex:1)
2024-11-05 23:52:02,099 [INFO] PluginManage:310 - Check plugin pinoutconfig
2024-11-05 23:52:02,184 [WARN] SupportedApi:132 - Cannot load RTOS API schema: s4s-elt-must-match.1: The content of 'definitions' must match (annotation?, (simpleType | complexType)?, (unique | key | keyref)*)). A problem was found starting at: attribute.
2024-11-05 23:52:02,345 [INFO] PluginManage:359 - Loaded plugin pinoutconfig (category:base,tabindex:0)
2024-11-05 23:52:02,346 [INFO] PluginManage:310 - Check plugin power
2024-11-05 23:52:02,356 [INFO] PluginManage:359 - Loaded plugin power (category:power,tabindex:4)
2024-11-05 23:52:02,356 [INFO] PluginManage:310 - Check plugin projectmanager
2024-11-05 23:52:02,376 [INFO] PluginManage:359 - Loaded plugin projectmanager (category:projectmanager,tabindex:4)
2024-11-05 23:52:02,376 [INFO] PluginManage:310 - Check plugin rif
2024-11-05 23:52:02,383 [INFO] PluginManage:359 - Loaded plugin rif (category:base,tabindex:3)
2024-11-05 23:52:02,383 [INFO] PluginManage:310 - Check plugin thirdparty
2024-11-05 23:52:02,520 [INFO] PluginManage:359 - Loaded plugin thirdparty (category:base,tabindex:-1)
2024-11-05 23:52:02,520 [WARN] IntegrityCheckThread:84 - waiting for thirdparty lock release [integrity check]
2024-11-05 23:52:02,521 [INFO] IntegrityCheckThread:86 - entering critical section [integrity check]
2024-11-05 23:52:02,521 [INFO] PluginManage:310 - Check plugin tools
2024-11-05 23:52:02,522 [INFO] ThirdPartyUpdaterWithRetryManager:70 - Updater plugin not ready yet. [1/15]
2024-11-05 23:52:02,525 [INFO] PluginManage:359 - Loaded plugin tools (category:base,tabindex:7)
2024-11-05 23:52:02,525 [INFO] PluginManage:310 - Check plugin tutovideos
2024-11-05 23:52:02,688 [INFO] PluginManage:359 - Loaded plugin tutovideos (category:base,tabindex:-1)
2024-11-05 23:52:02,688 [INFO] PluginManage:310 - Check plugin updater
2024-11-05 23:52:02,706 [INFO] PluginManage:359 - Loaded plugin updater (category:base,tabindex:12)
2024-11-05 23:52:02,706 [INFO] PluginManage:310 - Check plugin userauth
2024-11-05 23:52:02,711 [INFO] UserAuth:113 - Init User Auth plugin
2024-11-05 23:52:02,711 [INFO] PluginManage:359 - Loaded plugin userauth (category:base,tabindex:14)
2024-11-05 23:52:02,712 [INFO] PluginManage:283 - PluginManage : Loaded plugins [18]
2024-11-05 23:52:02,949 [INFO] PinOutPanel:1561 - setPackage(No Configuration,No Configuration)
2024-11-05 23:52:03,040 [INFO] CADModel:165 - CPN selected for project level
2024-11-05 23:52:03,041 [INFO] CADModel:114 - Register for checkConnection events
2024-11-05 23:52:03,059 [INFO] IPUIPlugin:80 - create IPUIPlugin
2024-11-05 23:52:03,059 [INFO] PluginManager:220 - loadIPPluginJar : add adc
2024-11-05 23:52:03,065 [INFO] IPUIPlugin:80 - create IPUIPlugin
2024-11-05 23:52:03,065 [INFO] PluginManager:220 - loadIPPluginJar : add aes
2024-11-05 23:52:03,069 [INFO] IPUIPlugin:80 - create IPUIPlugin
2024-11-05 23:52:03,069 [INFO] PluginManager:220 - loadIPPluginJar : add can
2024-11-05 23:52:03,071 [INFO] IPUIPlugin:80 - create IPUIPlugin
2024-11-05 23:52:03,071 [INFO] PluginManager:220 - loadIPPluginJar : add comp
2024-11-05 23:52:03,074 [INFO] IPUIPlugin:80 - create IPUIPlugin
2024-11-05 23:52:03,074 [INFO] PluginManager:220 - loadIPPluginJar : add cryp
2024-11-05 23:52:03,078 [INFO] IPUIPlugin:80 - create IPUIPlugin
2024-11-05 23:52:03,078 [INFO] PluginManager:220 - loadIPPluginJar : add ddr_ctrl_phy
2024-11-05 23:52:03,083 [INFO] IPUIPlugin:80 - create IPUIPlugin
2024-11-05 23:52:03,083 [INFO] PluginManager:220 - loadIPPluginJar : add dfsdm
2024-11-05 23:52:03,089 [INFO] IPUIPlugin:80 - create IPUIPlugin
2024-11-05 23:52:03,090 [INFO] PluginManager:220 - loadIPPluginJar : add dma
2024-11-05 23:52:03,092 [INFO] IPUIPlugin:80 - create IPUIPlugin
2024-11-05 23:52:03,093 [INFO] PluginManager:220 - loadIPPluginJar : add dma3
2024-11-05 23:52:03,096 [INFO] IPUIPlugin:80 - create IPUIPlugin
2024-11-05 23:52:03,096 [INFO] PluginManager:220 - loadIPPluginJar : add extmemmanager
2024-11-05 23:52:03,099 [INFO] IPUIPlugin:80 - create IPUIPlugin
2024-11-05 23:52:03,099 [INFO] PluginManager:220 - loadIPPluginJar : add fatfs
2024-11-05 23:52:03,103 [INFO] IPUIPlugin:80 - create IPUIPlugin
2024-11-05 23:52:03,104 [INFO] PluginManager:220 - loadIPPluginJar : add fmc
2024-11-05 23:52:03,110 [INFO] IPUIPlugin:80 - create IPUIPlugin
2024-11-05 23:52:03,110 [INFO] PluginManager:220 - loadIPPluginJar : add freertos
2024-11-05 23:52:03,113 [INFO] IPUIPlugin:80 - create IPUIPlugin
2024-11-05 23:52:03,113 [INFO] PluginManager:220 - loadIPPluginJar : add genericplugin
2024-11-05 23:52:03,116 [INFO] IPUIPlugin:80 - create IPUIPlugin
2024-11-05 23:52:03,117 [INFO] PluginManager:220 - loadIPPluginJar : add gfxmmu
2024-11-05 23:52:03,122 [INFO] IPUIPlugin:80 - create IPUIPlugin
2024-11-05 23:52:03,123 [INFO] PluginManager:220 - loadIPPluginJar : add gic
2024-11-05 23:52:03,127 [INFO] IPUIPlugin:80 - create IPUIPlugin
2024-11-05 23:52:03,128 [INFO] PluginManager:220 - loadIPPluginJar : add gpio
2024-11-05 23:52:03,132 [INFO] IPUIPlugin:80 - create IPUIPlugin
2024-11-05 23:52:03,132 [INFO] PluginManager:220 - loadIPPluginJar : add gtzc
2024-11-05 23:52:03,135 [INFO] IPUIPlugin:80 - create IPUIPlugin
2024-11-05 23:52:03,135 [INFO] PluginManager:220 - loadIPPluginJar : add hash
2024-11-05 23:52:03,138 [INFO] IPUIPlugin:80 - create IPUIPlugin
2024-11-05 23:52:03,138 [INFO] PluginManager:220 - loadIPPluginJar : add i2c
2024-11-05 23:52:03,142 [INFO] IPUIPlugin:80 - create IPUIPlugin
2024-11-05 23:52:03,142 [INFO] PluginManager:220 - loadIPPluginJar : add i2s
2024-11-05 23:52:03,147 [INFO] IPUIPlugin:80 - create IPUIPlugin
2024-11-05 23:52:03,148 [INFO] PluginManager:220 - loadIPPluginJar : add i3c
2024-11-05 23:52:03,152 [INFO] IPUIPlugin:80 - create IPUIPlugin
2024-11-05 23:52:03,153 [INFO] PluginManager:220 - loadIPPluginJar : add ipddr
2024-11-05 23:52:03,159 [INFO] IPUIPlugin:80 - create IPUIPlugin
2024-11-05 23:52:03,159 [INFO] PluginManager:220 - loadIPPluginJar : add linkedlist
2024-11-05 23:52:03,163 [INFO] IPUIPlugin:80 - create IPUIPlugin
2024-11-05 23:52:03,164 [INFO] PluginManager:220 - loadIPPluginJar : add lorawan
2024-11-05 23:52:03,166 [INFO] IPUIPlugin:80 - create IPUIPlugin
2024-11-05 23:52:03,166 [INFO] PluginManager:220 - loadIPPluginJar : add ltdc
2024-11-05 23:52:03,172 [INFO] IPUIPlugin:80 - create IPUIPlugin
2024-11-05 23:52:03,172 [INFO] PluginManager:220 - loadIPPluginJar : add mdma
2024-11-05 23:52:03,175 [INFO] IPUIPlugin:80 - create IPUIPlugin
2024-11-05 23:52:03,175 [INFO] PluginManager:220 - loadIPPluginJar : add nvic
2024-11-05 23:52:03,179 [INFO] IPUIPlugin:80 - create IPUIPlugin
2024-11-05 23:52:03,179 [INFO] PluginManager:220 - loadIPPluginJar : add opamp
2024-11-05 23:52:03,184 [INFO] IPUIPlugin:80 - create IPUIPlugin
2024-11-05 23:52:03,184 [INFO] PluginManager:220 - loadIPPluginJar : add openamp
2024-11-05 23:52:03,187 [INFO] IPUIPlugin:80 - create IPUIPlugin
2024-11-05 23:52:03,188 [INFO] PluginManager:220 - loadIPPluginJar : add pdm2pcm
2024-11-05 23:52:03,194 [INFO] IPUIPlugin:80 - create IPUIPlugin
2024-11-05 23:52:03,197 [INFO] PluginManager:220 - loadIPPluginJar : add plateformsettings
2024-11-05 23:52:03,200 [INFO] IPUIPlugin:80 - create IPUIPlugin
2024-11-05 23:52:03,200 [INFO] PluginManager:220 - loadIPPluginJar : add quadspi
2024-11-05 23:52:03,202 [INFO] IPUIPlugin:80 - create IPUIPlugin
2024-11-05 23:52:03,203 [INFO] PluginManager:220 - loadIPPluginJar : add radio
2024-11-05 23:52:03,206 [INFO] IPUIPlugin:80 - create IPUIPlugin
2024-11-05 23:52:03,206 [INFO] PluginManager:220 - loadIPPluginJar : add resmgrutility
2024-11-05 23:52:03,209 [INFO] IPUIPlugin:80 - create IPUIPlugin
2024-11-05 23:52:03,210 [INFO] PluginManager:220 - loadIPPluginJar : add sai
2024-11-05 23:52:03,214 [INFO] IPUIPlugin:80 - create IPUIPlugin
2024-11-05 23:52:03,214 [INFO] PluginManager:220 - loadIPPluginJar : add spi
2024-11-05 23:52:03,221 [INFO] IPUIPlugin:80 - create IPUIPlugin
2024-11-05 23:52:03,222 [INFO] PluginManager:220 - loadIPPluginJar : add stm32_wpan
2024-11-05 23:52:03,224 [INFO] IPUIPlugin:80 - create IPUIPlugin
2024-11-05 23:52:03,224 [INFO] PluginManager:220 - loadIPPluginJar : add tim
2024-11-05 23:52:03,227 [INFO] IPUIPlugin:80 - create IPUIPlugin
2024-11-05 23:52:03,227 [INFO] PluginManager:220 - loadIPPluginJar : add touchsensing
2024-11-05 23:52:03,231 [INFO] IPUIPlugin:80 - create IPUIPlugin
2024-11-05 23:52:03,232 [INFO] PluginManager:220 - loadIPPluginJar : add tracer_emb
2024-11-05 23:52:03,235 [INFO] IPUIPlugin:80 - create IPUIPlugin
2024-11-05 23:52:03,235 [INFO] PluginManager:220 - loadIPPluginJar : add ts
2024-11-05 23:52:03,237 [INFO] IPUIPlugin:80 - create IPUIPlugin
2024-11-05 23:52:03,237 [INFO] PluginManager:220 - loadIPPluginJar : add tsc
2024-11-05 23:52:03,239 [INFO] IPUIPlugin:80 - create IPUIPlugin
2024-11-05 23:52:03,239 [INFO] PluginManager:220 - loadIPPluginJar : add ucpd
2024-11-05 23:52:03,242 [INFO] IPUIPlugin:80 - create IPUIPlugin
2024-11-05 23:52:03,243 [INFO] PluginManager:220 - loadIPPluginJar : add usart
2024-11-05 23:52:03,247 [INFO] IPUIPlugin:80 - create IPUIPlugin
2024-11-05 23:52:03,247 [INFO] PluginManager:220 - loadIPPluginJar : add usbx
2024-11-05 23:52:03,367 [INFO] CADModel:165 - CPN selected for project level
2024-11-05 23:52:03,368 [INFO] CADModel:114 - Register for checkConnection events
2024-11-05 23:52:03,369 [FATAL] Updater:334 - Updater called before beeing initialized
2024-11-05 23:52:03,370 [ERROR] CADModel:125 - Updater not yet initialized, retry later 
2024-11-05 23:52:03,518 [INFO] CADModel:165 - CPN selected for project level
2024-11-05 23:52:03,518 [INFO] CADModel:114 - Register for checkConnection events
2024-11-05 23:52:03,518 [FATAL] Updater:334 - Updater called before beeing initialized
2024-11-05 23:52:03,518 [ERROR] CADModel:125 - Updater not yet initialized, retry later 
2024-11-05 23:52:03,521 [FATAL] Updater:334 - Updater called before beeing initialized
2024-11-05 23:52:03,619 [FATAL] Updater:334 - Updater called before beeing initialized
2024-11-05 23:52:03,624 [INFO] DbMcusAds:53 - JSON generation date=Thu Sep 30 08:55:09 GMT+02:00 2021 (1632984909247)
2024-11-05 23:52:03,624 [FATAL] Updater:334 - Updater called before beeing initialized
2024-11-05 23:52:03,664 [WARN] DetailPanel:346 - Failed to get advertising image, set to default
2024-11-05 23:52:03,754 [FATAL] Updater:334 - Updater called before beeing initialized
2024-11-05 23:52:03,756 [FATAL] Updater:334 - Updater called before beeing initialized
2024-11-05 23:52:03,756 [FATAL] Updater:334 - Updater called before beeing initialized
2024-11-05 23:52:03,756 [WARN] DetailPanel:346 - Failed to get advertising image, set to default
2024-11-05 23:52:03,757 [FATAL] Updater:334 - Updater called before beeing initialized
2024-11-05 23:52:03,795 [ERROR] Updater:1164 - MainUpdater not yet initialized. External WinMGr cannot be set.
2024-11-05 23:52:03,799 [INFO] Updater:1100 - Updater Version found : 6.12.1
2024-11-05 23:52:03,816 [INFO] ApplicationProperties:184 - Using Application install path: C:\ST\STM32CubeIDE_1.16.1\STM32CubeIDE\plugins\com.st.stm32cube.common.mx_6.12.1.202409122256
2024-11-05 23:52:05,390 [ERROR] LogOutputStream:75 - [STDERR_REDIRECT] Nov 05, 2024 11:52:05 PM java.util.prefs.WindowsPreferences <init>
2024-11-05 23:52:05,392 [ERROR] LogOutputStream:75 - [STDERR_REDIRECT] WARNING: Could not open/create prefs root node Software\JavaSoft\Prefs at root 0xffffffff80000002. Windows RegCreateKeyEx(...) returned error code 5.
2024-11-05 23:52:05,393 [ERROR] LogOutputStream:75 - [STDERR_REDIRECT] 
2024-11-05 23:52:05,524 [INFO] ThirdPartyUpdaterWithRetryManager:70 - Updater plugin not ready yet. [2/15]
2024-11-05 23:52:05,708 [INFO] MainUpdater:2873 - connection check result : 10
2024-11-05 23:52:05,710 [INFO] MainUpdater:290 - Updater Check For Update Now.
2024-11-05 23:52:05,710 [INFO] MicroXplorer:498 - Change Database Version : DB.6.0.121
2024-11-05 23:52:05,724 [INFO] McuFinderGlobals:63 - Set McuFinder mode to 2 (CubeIDE integrated)
2024-11-05 23:52:05,724 [INFO] UserAuth:179 - activating auth plugin
2024-11-05 23:52:05,728 [INFO] UserAuth:417 - Internet connection configuration mode: 1
2024-11-05 23:52:05,777 [INFO] JxBrowserEngine:152 - Initiate JxBrowser Engine with user profile folder
2024-11-05 23:52:05,977 [INFO] CheckServerUpdateThread:120 - End of CheckServer Thread
2024-11-05 23:52:06,492 [INFO] WebApp:167 - Instantiating new browser for Auth
2024-11-05 23:52:07,212 [INFO] WebApp:448 - Apply proxy settings
2024-11-05 23:52:07,213 [INFO] WebApp:533 - Chromium requires no authentication
2024-11-05 23:52:07,219 [INFO] WebApp:476 - Direct internet connection detected
2024-11-05 23:52:07,240 [INFO] WebApp:869 - Register for checkConnection events
2024-11-05 23:52:07,241 [INFO] WebApp:448 - Apply proxy settings
2024-11-05 23:52:07,241 [INFO] WebApp:533 - Chromium requires no authentication
2024-11-05 23:52:07,241 [INFO] WebApp:476 - Direct internet connection detected
2024-11-05 23:52:07,409 [INFO] WebApp:186 - Connection restablished
2024-11-05 23:52:07,482 [INFO] WebApp:220 - Starting web application
2024-11-05 23:52:07,482 [INFO] WebApp:578 - Web application path used C:\ST\STM32CubeIDE_1.16.1\STM32CubeIDE\plugins\com.st.stm32cube.common.mx_6.12.1.202409122256\db\plugins\mcufinder\reactClient1\index.html
2024-11-05 23:52:08,869 [WARN] PackLoader:240 - Cannot read IP mode file for STMicroelectronics.FP-SNS-MOTENVWB1.1.4.0
2024-11-05 23:52:08,886 [WARN] PackLoader:240 - Cannot read IP mode file for STMicroelectronics.X-CUBE-SMBUS.2.1.0
2024-11-05 23:52:08,903 [WARN] PackLoader:240 - Cannot read IP mode file for STMicroelectronics.X-CUBE-WB05N.1.1.0
2024-11-05 23:52:08,972 [WARN] PackLoader:240 - Cannot read IP mode file for STMicroelectronics.X-CUBE-AZRTOS-F7.1.1.0
2024-11-05 23:52:09,089 [WARN] PackLoader:240 - Cannot read IP mode file for STMicroelectronics.X-CUBE-MEMS1.11.0.0
2024-11-05 23:52:09,363 [WARN] PackLoader:240 - Cannot read IP mode file for STMicroelectronics.FP-SNS-FLIGHT1.5.0.2
2024-11-05 23:52:09,389 [WARN] PackLoader:240 - Cannot read IP mode file for STMicroelectronics.X-CUBE-DISPLAY.3.0.0
2024-11-05 23:52:09,400 [WARN] PackLoader:240 - Cannot read IP mode file for STMicroelectronics.X-CUBE-BLE1.7.0.0
2024-11-05 23:52:09,409 [WARN] PackLoader:240 - Cannot read IP mode file for STMicroelectronics.X-CUBE-NFC10.1.0.0
2024-11-05 23:52:09,418 [WARN] PackLoader:240 - Cannot read IP mode file for emotas.I-CUBE-CANOPEN.1.3.0
2024-11-05 23:52:09,431 [WARN] PackLoader:240 - Cannot read IP mode file for STMicroelectronics.X-CUBE-BLEMGR.3.1.0
2024-11-05 23:52:09,439 [WARN] PackLoader:240 - Cannot read IP mode file for STMicroelectronics.FP-SNS-SMARTAG2.1.2.0
2024-11-05 23:52:09,502 [INFO] LogOutputStream:77 - [STDOUT_REDIRECT] 1 : Invalid condition id : UX_CORESTACK_Condition cause : null
2024-11-05 23:52:09,502 [INFO] LogOutputStream:77 - [STDOUT_REDIRECT] 1 : Invalid condition id : UX_CORESTACK_Condition cause : null
2024-11-05 23:52:09,505 [INFO] LogOutputStream:77 - [STDOUT_REDIRECT] 1 : Invalid condition id : UX_CORESTACK_Condition cause : null
2024-11-05 23:52:09,507 [INFO] LogOutputStream:77 - [STDOUT_REDIRECT] 1 : Invalid condition id : UX_CORESTACK_Condition cause : null
2024-11-05 23:52:09,509 [INFO] LogOutputStream:77 - [STDOUT_REDIRECT] 1 : Invalid condition id : UX_CORESTACK_Condition cause : null
2024-11-05 23:52:09,514 [WARN] PackLoader:240 - Cannot read IP mode file for STMicroelectronics.X-CUBE-AZRTOS-WL.2.0.0
2024-11-05 23:52:09,522 [WARN] PackLoader:240 - Cannot read IP mode file for STMicroelectronics.FP-SNS-MOTENV1.5.0.0
2024-11-05 23:52:09,530 [WARN] PackLoader:240 - Cannot read IP mode file for wolfSSL.I-CUBE-wolfMQTT.1.19.0
2024-11-05 23:52:09,540 [WARN] PackLoader:240 - Cannot read IP mode file for WES.I-CUBE-Cesium.1.3.0
2024-11-05 23:52:09,547 [WARN] PackLoader:240 - Cannot read IP mode file for STMicroelectronics.X-CUBE-BLE2.3.3.0
2024-11-05 23:52:09,555 [WARN] PackLoader:240 - Cannot read IP mode file for STMicroelectronics.X-CUBE-NFC9.1.0.0
2024-11-05 23:52:09,564 [WARN] PackLoader:240 - Cannot read IP mode file for STMicroelectronics.X-CUBE-TCPP.4.1.0
2024-11-05 23:52:09,586 [WARN] PackLoader:240 - Cannot read IP mode file for STMicroelectronics.X-CUBE-AZRTOS-G0.1.1.0
2024-11-05 23:52:09,596 [WARN] PackLoader:240 - Cannot read IP mode file for STMicroelectronics.X-CUBE-SAFEA1.1.2.2
2024-11-05 23:52:09,618 [WARN] PackLoader:240 - Cannot read IP mode file for STMicroelectronics.X-CUBE-NFC4.3.0.0
2024-11-05 23:52:09,630 [WARN] PackLoader:240 - Cannot read IP mode file for EmbeddedOffice.I-CUBE-FS-RTOS.1.0.1
2024-11-05 23:52:09,631 [ERROR] ConditionMgr:805 - Attr not supported : Dmpu
2024-11-05 23:52:09,631 [ERROR] ConditionMgr:805 - Attr not supported : Dmpu
2024-11-05 23:52:09,631 [ERROR] ConditionMgr:805 - Attr not supported : Dmpu
2024-11-05 23:52:09,631 [ERROR] ConditionMgr:805 - Attr not supported : Dmpu
2024-11-05 23:52:09,631 [ERROR] ConditionMgr:805 - Attr not supported : Dmpu
2024-11-05 23:52:09,631 [ERROR] ConditionMgr:805 - Attr not supported : Dmpu
2024-11-05 23:52:09,631 [ERROR] ConditionMgr:805 - Attr not supported : Dmpu
2024-11-05 23:52:09,631 [ERROR] ConditionMgr:805 - Attr not supported : Dmpu
2024-11-05 23:52:09,631 [ERROR] ConditionMgr:805 - Attr not supported : Dmpu
2024-11-05 23:52:09,631 [ERROR] ConditionMgr:805 - Attr not supported : Dmpu
2024-11-05 23:52:09,632 [ERROR] ConditionMgr:805 - Attr not supported : Dmpu
2024-11-05 23:52:09,632 [ERROR] ConditionMgr:805 - Attr not supported : Dmpu
2024-11-05 23:52:09,632 [ERROR] ConditionMgr:805 - Attr not supported : Dmpu
2024-11-05 23:52:09,632 [ERROR] ConditionMgr:805 - Attr not supported : Dmpu
2024-11-05 23:52:09,632 [ERROR] ConditionMgr:805 - Attr not supported : Dmpu
2024-11-05 23:52:09,632 [ERROR] ConditionMgr:805 - Attr not supported : Dmpu
2024-11-05 23:52:09,632 [ERROR] ConditionMgr:805 - Attr not supported : Dmpu
2024-11-05 23:52:09,632 [ERROR] ConditionMgr:805 - Attr not supported : Dmpu
2024-11-05 23:52:09,632 [ERROR] ConditionMgr:805 - Attr not supported : Dmpu
2024-11-05 23:52:09,632 [ERROR] ConditionMgr:805 - Attr not supported : Dmpu
2024-11-05 23:52:09,632 [ERROR] ConditionMgr:805 - Attr not supported : Dmpu
2024-11-05 23:52:09,633 [ERROR] ConditionMgr:805 - Attr not supported : Dmpu
2024-11-05 23:52:09,633 [ERROR] ConditionMgr:805 - Attr not supported : Dmpu
2024-11-05 23:52:09,633 [ERROR] ConditionMgr:805 - Attr not supported : Dmpu
2024-11-05 23:52:09,633 [ERROR] ConditionMgr:805 - Attr not supported : Dmpu
2024-11-05 23:52:09,633 [ERROR] ConditionMgr:805 - Attr not supported : Dmpu
2024-11-05 23:52:09,633 [ERROR] ConditionMgr:805 - Attr not supported : Dmpu
2024-11-05 23:52:09,633 [ERROR] ConditionMgr:805 - Attr not supported : Dmpu
2024-11-05 23:52:09,633 [ERROR] ConditionMgr:805 - Attr not supported : Dmpu
2024-11-05 23:52:09,633 [ERROR] ConditionMgr:805 - Attr not supported : Dmpu
2024-11-05 23:52:09,633 [ERROR] ConditionMgr:805 - Attr not supported : Dmpu
2024-11-05 23:52:09,633 [ERROR] ConditionMgr:805 - Attr not supported : Dmpu
2024-11-05 23:52:09,633 [ERROR] ConditionMgr:805 - Attr not supported : Dmpu
2024-11-05 23:52:09,633 [ERROR] ConditionMgr:805 - Attr not supported : Dmpu
2024-11-05 23:52:09,634 [ERROR] ConditionMgr:805 - Attr not supported : Dmpu
2024-11-05 23:52:09,634 [ERROR] ConditionMgr:805 - Attr not supported : Dmpu
2024-11-05 23:52:09,634 [ERROR] ConditionMgr:805 - Attr not supported : Dmpu
2024-11-05 23:52:09,634 [ERROR] ConditionMgr:805 - Attr not supported : Dmpu
2024-11-05 23:52:09,634 [ERROR] ConditionMgr:805 - Attr not supported : Dmpu
2024-11-05 23:52:09,634 [ERROR] ConditionMgr:805 - Attr not supported : Dmpu
2024-11-05 23:52:09,634 [ERROR] ConditionMgr:805 - Attr not supported : Dmpu
2024-11-05 23:52:09,634 [ERROR] ConditionMgr:805 - Attr not supported : Dmpu
2024-11-05 23:52:09,634 [ERROR] ConditionMgr:805 - Attr not supported : Dmpu
2024-11-05 23:52:09,634 [ERROR] ConditionMgr:805 - Attr not supported : Dmpu
2024-11-05 23:52:09,634 [ERROR] ConditionMgr:805 - Attr not supported : Dmpu
2024-11-05 23:52:09,635 [ERROR] ConditionMgr:805 - Attr not supported : Dmpu
2024-11-05 23:52:09,635 [ERROR] ConditionMgr:805 - Attr not supported : Dmpu
2024-11-05 23:52:09,635 [ERROR] ConditionMgr:805 - Attr not supported : Dmpu
2024-11-05 23:52:09,635 [ERROR] ConditionMgr:805 - Attr not supported : Dmpu
2024-11-05 23:52:09,635 [ERROR] ConditionMgr:805 - Attr not supported : Dmpu
2024-11-05 23:52:09,635 [ERROR] ConditionMgr:805 - Attr not supported : Dmpu
2024-11-05 23:52:09,635 [ERROR] ConditionMgr:805 - Attr not supported : Dmpu
2024-11-05 23:52:09,635 [ERROR] ConditionMgr:805 - Attr not supported : Dmpu
2024-11-05 23:52:09,635 [ERROR] ConditionMgr:805 - Attr not supported : Dmpu
2024-11-05 23:52:09,635 [ERROR] ConditionMgr:805 - Attr not supported : Dmpu
2024-11-05 23:52:09,635 [ERROR] ConditionMgr:805 - Attr not supported : Dmpu
2024-11-05 23:52:09,636 [ERROR] ConditionMgr:805 - Attr not supported : Dmpu
2024-11-05 23:52:09,636 [ERROR] ConditionMgr:805 - Attr not supported : Dmpu
2024-11-05 23:52:09,636 [ERROR] ConditionMgr:805 - Attr not supported : Dmpu
2024-11-05 23:52:09,636 [ERROR] ConditionMgr:805 - Attr not supported : Dmpu
2024-11-05 23:52:09,636 [ERROR] ConditionMgr:805 - Attr not supported : Dmpu
2024-11-05 23:52:09,636 [ERROR] ConditionMgr:805 - Attr not supported : Dmpu
2024-11-05 23:52:09,636 [ERROR] ConditionMgr:805 - Attr not supported : Dmpu
2024-11-05 23:52:09,636 [ERROR] ConditionMgr:805 - Attr not supported : Dmpu
2024-11-05 23:52:09,641 [WARN] PackLoader:240 - Cannot read IP mode file for RealThread.X-CUBE-RT-Thread_Nano.4.1.1
2024-11-05 23:52:09,647 [WARN] PackLoader:240 - Cannot read IP mode file for STMicroelectronics.FP-ATR-SIGFOX1.3.2.0
2024-11-05 23:52:09,654 [WARN] PackLoader:240 - Cannot read IP mode file for STMicroelectronics.X-CUBE-EEPRMA1.5.1.0
2024-11-05 23:52:09,661 [WARN] PackLoader:240 - Cannot read IP mode file for wolfSSL.I-CUBE-wolfSSL.5.7.4
2024-11-05 23:52:09,668 [WARN] PackLoader:240 - Cannot read IP mode file for ITTIA_DB.I-CUBE-ITTIADB.8.9.0
2024-11-05 23:52:09,714 [WARN] PackLoader:240 - Cannot read IP mode file for SEGGER.I-CUBE-embOS.1.3.1
2024-11-05 23:52:09,795 [WARN] PackLoader:240 - Cannot read IP mode file for STMicroelectronics.X-CUBE-ALGOBUILD.1.4.0
2024-11-05 23:52:09,801 [WARN] PackLoader:240 - Cannot read IP mode file for STMicroelectronics.X-CUBE-AI.9.1.0
2024-11-05 23:52:09,823 [WARN] PackLoader:240 - Cannot read IP mode file for STMicroelectronics.X-CUBE-AZRTOS-F4.1.1.0
2024-11-05 23:52:09,832 [WARN] PackLoader:240 - Cannot read IP mode file for STMicroelectronics.X-CUBE-ISPU.2.1.0
2024-11-05 23:52:09,839 [WARN] PackLoader:240 - Cannot read IP mode file for STMicroelectronics.X-CUBE-FREERTOS.1.2.0
2024-11-05 23:52:09,864 [WARN] PackLoader:240 - Cannot read IP mode file for STMicroelectronics.X-CUBE-AZRTOS-L5.2.0.0
2024-11-05 23:52:09,876 [WARN] PackLoader:240 - Cannot read IP mode file for STMicroelectronics.X-CUBE-NFC6.3.1.0
2024-11-05 23:52:09,885 [WARN] PackLoader:240 - Cannot read IP mode file for STMicroelectronics.X-CUBE-DPower.1.2.0
2024-11-05 23:52:09,891 [WARN] PackLoader:240 - Cannot read IP mode file for STMicroelectronics.X-CUBE-NFC7.1.0.1
2024-11-05 23:52:09,920 [WARN] ConditionMgr:438 - getConditionDescription Invalid condition id : LAN8742 Phy interface Condition cause : null
2024-11-05 23:52:09,921 [WARN] PackLoader:240 - Cannot read IP mode file for STMicroelectronics.X-CUBE-AZRTOS-L4.2.0.0
2024-11-05 23:52:09,923 [WARN] ConditionMgr:1039 - genDependencies : Invalid condition id : LAN8742 Phy interface Condition cause : null
2024-11-05 23:52:09,923 [WARN] ConditionMgr:1039 - genDependencies : Invalid condition id : LAN8742 Phy interface Condition cause : null
2024-11-05 23:52:09,924 [WARN] ConditionMgr:1039 - genDependencies : Invalid condition id : LAN8742 Phy interface Condition cause : null
2024-11-05 23:52:09,933 [WARN] PackLoader:240 - Cannot read IP mode file for STMicroelectronics.X-CUBE-SFXS2LP1.4.0.0
2024-11-05 23:52:09,960 [WARN] PackLoader:240 - Cannot read IP mode file for STMicroelectronics.X-CUBE-AZRTOS-H7.3.3.0
2024-11-05 23:52:09,980 [WARN] PackLoader:240 - Cannot read IP mode file for STMicroelectronics.X-CUBE-IPS.3.0.0
2024-11-05 23:52:09,999 [WARN] ConditionMgr:438 - getConditionDescription Invalid condition id : UX DEVICE CLASS RTOS Condition cause : null
2024-11-05 23:52:10,000 [WARN] ConditionMgr:438 - getConditionDescription Invalid condition id : UX DEVICE CLASS RTOS Condition cause : null
2024-11-05 23:52:10,002 [WARN] PackLoader:240 - Cannot read IP mode file for STMicroelectronics.X-CUBE-AZRTOS-WB.2.0.0
2024-11-05 23:52:10,003 [WARN] ConditionMgr:1039 - genDependencies : Invalid condition id : UX DEVICE CLASS RTOS Condition cause : null
2024-11-05 23:52:10,003 [WARN] ConditionMgr:1039 - genDependencies : Invalid condition id : UX DEVICE CLASS RTOS Condition cause : null
2024-11-05 23:52:10,004 [WARN] ConditionMgr:1039 - genDependencies : Invalid condition id : UX DEVICE CLASS RTOS Condition cause : null
2024-11-05 23:52:10,004 [WARN] ConditionMgr:1039 - genDependencies : Invalid condition id : UX DEVICE CLASS RTOS Condition cause : null
2024-11-05 23:52:10,004 [WARN] ConditionMgr:1039 - genDependencies : Invalid condition id : UX DEVICE CLASS RTOS Condition cause : null
2024-11-05 23:52:10,011 [WARN] PackLoader:240 - Cannot read IP mode file for STMicroelectronics.X-CUBE-GNSS1.7.0.0
2024-11-05 23:52:10,021 [WARN] PackLoader:240 - Cannot read IP mode file for STMicroelectronics.FP-SNS-STBOX1.2.0.0
2024-11-05 23:52:10,036 [WARN] PackLoader:240 - Cannot read IP mode file for STMicroelectronics.X-CUBE-SUBG2.5.0.0
2024-11-05 23:52:10,052 [WARN] PackLoader:240 - Cannot read IP mode file for Cesanta.I-CUBE-Mongoose.7.13.0
2024-11-05 23:52:10,072 [WARN] PackLoader:240 - Cannot read IP mode file for STMicroelectronics.X-CUBE-AZRTOS-G4.2.0.0
2024-11-05 23:52:10,079 [WARN] PackLoader:240 - Cannot read IP mode file for STMicroelectronics.X-CUBE-ALS.1.0.2
2024-11-05 23:52:10,086 [WARN] PackLoader:240 - Cannot read IP mode file for STMicroelectronics.X-CUBE-TOUCHGFX.4.24.1
2024-11-05 23:52:10,090 [WARN] PackLoader:240 - Cannot read IP mode file for wolfSSL.I-CUBE-wolfTPM.3.4.0
2024-11-05 23:52:10,095 [WARN] PackLoader:240 - Cannot read IP mode file for portGmbH.I-Cube-SoM-uGOAL.1.1.0
2024-11-05 23:52:10,122 [WARN] PackLoader:240 - Cannot read IP mode file for STMicroelectronics.X-CUBE-AZRTOS-H7RS.1.0.0
2024-11-05 23:52:10,131 [WARN] PackLoader:240 - Cannot read IP mode file for STMicroelectronics.FP-ATR-ASTRA1.2.0.0
2024-11-05 23:52:10,146 [WARN] PackLoader:240 - Cannot read IP mode file for STMicroelectronics.X-CUBE-TOF1.3.4.2
2024-11-05 23:52:10,188 [WARN] PackLoader:240 - Cannot read IP mode file for Infineon.AIROC-Wi-Fi-Bluetooth-STM32.1.6.1
2024-11-05 23:52:10,199 [WARN] PackLoader:240 - Cannot read IP mode file for wolfSSL.I-CUBE-wolfSSH.1.4.17
2024-11-05 23:52:10,200 [INFO] ThirdParty:978 - Integrity check success = true
2024-11-05 23:52:10,200 [INFO] IntegrityCheckThread:100 - exiting critical section [integrity check]
2024-11-05 23:52:10,200 [INFO] IntegrityCheckThread:103 - End integrity checks thread
2024-11-05 23:52:43,703 [ERROR] AdobePublisher:162 - Exception while opening the connection: java.net.UnknownHostException: stmicroelectronics.d3.sc.omtrdc.net
2024-11-05 23:52:43,704 [ERROR] AdobePublisher:162 - Exception while opening the connection: java.net.UnknownHostException: stmicroelectronics.d3.sc.omtrdc.net
2024-11-05 23:52:43,704 [ERROR] AdobePublisher:162 - Exception while opening the connection: java.net.UnknownHostException: stmicroelectronics.d3.sc.omtrdc.net
2024-11-05 23:52:43,704 [ERROR] AdobePublisher:162 - Exception while opening the connection: java.net.UnknownHostException: stmicroelectronics.d3.sc.omtrdc.net
2024-11-05 23:52:43,704 [ERROR] AdobePublisher:162 - Exception while opening the connection: java.net.UnknownHostException: stmicroelectronics.d3.sc.omtrdc.net
2024-11-05 23:52:43,714 [ERROR] AdobePublisher:162 - Exception while opening the connection: java.net.UnknownHostException: stmicroelectronics.d3.sc.omtrdc.net
2024-11-05 23:52:43,715 [ERROR] AdobePublisher:162 - Exception while opening the connection: java.net.UnknownHostException: stmicroelectronics.d3.sc.omtrdc.net
2024-11-05 23:52:43,715 [ERROR] AdobePublisher:162 - Exception while opening the connection: java.net.UnknownHostException: stmicroelectronics.d3.sc.omtrdc.net
2024-11-05 23:52:43,715 [ERROR] AdobePublisher:162 - Exception while opening the connection: java.net.UnknownHostException: stmicroelectronics.d3.sc.omtrdc.net
2024-11-05 23:52:43,716 [ERROR] AdobePublisher:162 - Exception while opening the connection: java.net.UnknownHostException: stmicroelectronics.d3.sc.omtrdc.net
2024-11-05 23:52:44,715 [ERROR] LogOutputStream:75 - [STDERR_REDIRECT] 
2024-11-05 23:52:44,716 [ERROR] LogOutputStream:75 - [STDERR_REDIRECT] 
